Build started 2/24/2017 5:15:14 PM.
     1>Project "C:\Users\Tina\Dropbox\Qt_Barebones\Qt_Barebones\Qt_Barebones.vcxproj" on node 2 (Build target(s)).
     1>ClCompile:
         C:\Program Files (x86)\Microsoft Visual Studio 12.0\VC\bin\CL.exe /c /IC:\Qt\4.8.5\include /I"C:\Users\Tina\Documents\Visual Studio 2013\Projects\Qt_Barebones\Source\glew\include" /I"C:\Users\Tina\Documents\Visual Studio 2013\Projects\Qt_Barebones\Source\glm" /ZI /nologo /W3 /WX- /Od /Oy- /D WIN32 /D _DEBUG /D _CONSOLE /D _LIB /D _UNICODE /D UNICODE /Gm /EHsc /RTC1 /MTd /GS /fp:precise /Zc:wchar_t /Zc:forScope /Fo"Debug\\" /Fd"Debug\vc120.pdb" /Gd /TP /analyze- /errorReport:prompt Camera.cpp Face.cpp GLWindow.cpp Main.cpp Mesh.cpp Vertex.cpp
         Vertex.cpp
         Mesh.cpp
         Main.cpp
     1>CL : warning : Inclusion of header files from include/Qt is deprecated.
     1>CL : warning : Inclusion of header files from include/Qt is deprecated.
         GLWindow.cpp
     1>CL : warning : Inclusion of header files from include/Qt is deprecated.
         Face.cpp
     1>c:\users\tina\dropbox\qt_barebones\qt_barebones\face.cpp(18): warning C4018: '<' : signed/unsigned mismatch
         Camera.cpp
         Generating Code...
     1>c:\users\tina\dropbox\qt_barebones\qt_barebones\face.cpp(22): warning C4715: 'Face::returnVertex' : not all control paths return a value
       Link:
         C:\Program Files (x86)\Microsoft Visual Studio 12.0\VC\bin\link.exe /ERRORREPORT:PROMPT /OUT:"C:\Users\Tina\Dropbox\Qt_Barebones\Debug\Qt_Barebones.exe" /INCREMENTAL /NOLOGO /LIBPATH:C:\Qt\4.8.5\lib /LIBPATH:"C:\Users\Tina\Documents\Visual Studio 2013\Projects\Qt_Barebones\Source\glew\lib" Opengl32.lib glew32d.lib QtCored4.lib QtOpenGld4.lib QtGuid4.lib kernel32.lib user32.lib gdi32.lib winspool.lib comdlg32.lib advapi32.lib shell32.lib ole32.lib oleaut32.lib uuid.lib odbc32.lib odbccp32.lib kernel32.lib user32.lib gdi32.lib winspool.lib comdlg32.lib advapi32.lib shell32.lib ole32.lib oleaut32.lib uuid.lib odbc32.lib odbccp32.lib /MANIFEST /MANIFESTUAC:"level='asInvoker' uiAccess='false'" /manifest:embed /DEBUG /PDB:"C:\Users\Tina\Dropbox\Qt_Barebones\Debug\Qt_Barebones.pdb" /SUBSYSTEM:CONSOLE /TLBID:1 /DYNAMICBASE /NXCOMPAT /IMPLIB:"C:\Users\Tina\Dropbox\Qt_Barebones\Debug\Qt_Barebones.lib" /MACHINE:X86 Debug\Camera.obj
         Debug\Face.obj
         Debug\GLWindow.obj
         Debug\Main.obj
         Debug\Mesh.obj
         Debug\Vertex.obj
         Qt_Barebones.vcxproj -> C:\Users\Tina\Dropbox\Qt_Barebones\Debug\Qt_Barebones.exe
     1>Done Building Project "C:\Users\Tina\Dropbox\Qt_Barebones\Qt_Barebones\Qt_Barebones.vcxproj" (Build target(s)).

Build succeeded.

Time Elapsed 00:00:07.81
