c:\users\tina\documents\visual studio 2013\projects\qt_barebones\qt_barebones\debug\vc120.pdb
c:\users\tina\documents\visual studio 2013\projects\qt_barebones\qt_barebones\debug\vc120.idb
c:\users\tina\documents\visual studio 2013\projects\qt_barebones\qt_barebones\debug\glwindow.obj
c:\users\tina\documents\visual studio 2013\projects\qt_barebones\qt_barebones\debug\main.obj
c:\users\tina\documents\visual studio 2013\projects\qt_barebones\qt_barebones\debug\vertex.obj
c:\users\tina\documents\visual studio 2013\projects\qt_barebones\qt_barebones\debug\mesh.obj
c:\users\tina\documents\visual studio 2013\projects\qt_barebones\qt_barebones\debug\face.obj
c:\users\tina\dropbox\qt_barebones\qt_barebones\debug\vc120.pdb
c:\users\tina\dropbox\qt_barebones\qt_barebones\debug\vc120.idb
c:\users\tina\dropbox\qt_barebones\qt_barebones\debug\face.obj
c:\users\tina\dropbox\qt_barebones\qt_barebones\debug\glwindow.obj
c:\users\tina\dropbox\qt_barebones\qt_barebones\debug\main.obj
c:\users\tina\dropbox\qt_barebones\qt_barebones\debug\mesh.obj
c:\users\tina\dropbox\qt_barebones\qt_barebones\debug\vertex.obj
c:\users\tina\documents\visual studio 2013\projects\qt_barebones\debug\qt_barebones.ilk
c:\users\tina\documents\visual studio 2013\projects\qt_barebones\debug\qt_barebones.exe
c:\users\tina\documents\visual studio 2013\projects\qt_barebones\debug\qt_barebones.pdb
c:\users\tina\dropbox\qt_barebones\debug\qt_barebones.ilk
c:\users\tina\dropbox\qt_barebones\debug\qt_barebones.exe
c:\users\tina\dropbox\qt_barebones\debug\qt_barebones.pdb
c:\users\tina\dropbox\qt_barebones\qt_barebones\debug\camera.obj
c:\users\tina\dropbox\qt_barebones\qt_barebones\debug\qt_barebones.tlog\cl.command.1.tlog
c:\users\tina\dropbox\qt_barebones\qt_barebones\debug\qt_barebones.tlog\cl.read.1.tlog
c:\users\tina\dropbox\qt_barebones\qt_barebones\debug\qt_barebones.tlog\cl.write.1.tlog
c:\users\tina\dropbox\qt_barebones\qt_barebones\debug\qt_barebones.tlog\link.command.1.tlog
c:\users\tina\dropbox\qt_barebones\qt_barebones\debug\qt_barebones.tlog\link.read.1.tlog
c:\users\tina\dropbox\qt_barebones\qt_barebones\debug\qt_barebones.tlog\link.write.1.tlog
