c:\users\tina\documents\visual studio 2013\projects\qt_barebones\qt_barebones\debug\vc120.pdb
c:\users\tina\documents\visual studio 2013\projects\qt_barebones\qt_barebones\debug\vc120.idb
c:\users\tina\documents\visual studio 2013\projects\qt_barebones\qt_barebones\debug\main.obj
c:\users\tina\documents\visual studio 2013\projects\qt_barebones\qt_barebones\debug\glwindow.obj
c:\users\tina\documents\visual studio 2013\projects\qt_barebones\debug\qt_barebones.pdb
c:\users\tina\documents\visual studio 2013\projects\qt_barebones\qt_barebones\debug\qt_barebones.tlog\cl.command.1.tlog
c:\users\tina\documents\visual studio 2013\projects\qt_barebones\qt_barebones\debug\qt_barebones.tlog\cl.read.1.tlog
c:\users\tina\documents\visual studio 2013\projects\qt_barebones\qt_barebones\debug\qt_barebones.tlog\cl.write.1.tlog
c:\users\tina\documents\visual studio 2013\projects\qt_barebones\qt_barebones\debug\qt_barebones.tlog\link-cvtres.read.1.tlog
c:\users\tina\documents\visual studio 2013\projects\qt_barebones\qt_barebones\debug\qt_barebones.tlog\link-cvtres.write.1.tlog
c:\users\tina\documents\visual studio 2013\projects\qt_barebones\qt_barebones\debug\qt_barebones.tlog\link-rc.read.1.tlog
c:\users\tina\documents\visual studio 2013\projects\qt_barebones\qt_barebones\debug\qt_barebones.tlog\link-rc.write.1.tlog
c:\users\tina\documents\visual studio 2013\projects\qt_barebones\qt_barebones\debug\qt_barebones.tlog\link.16332-cvtres.read.1.tlog
c:\users\tina\documents\visual studio 2013\projects\qt_barebones\qt_barebones\debug\qt_barebones.tlog\link.16332-cvtres.write.1.tlog
c:\users\tina\documents\visual studio 2013\projects\qt_barebones\qt_barebones\debug\qt_barebones.tlog\link.16332-rc.read.1.tlog
c:\users\tina\documents\visual studio 2013\projects\qt_barebones\qt_barebones\debug\qt_barebones.tlog\link.16332-rc.write.1.tlog
c:\users\tina\documents\visual studio 2013\projects\qt_barebones\qt_barebones\debug\qt_barebones.tlog\link.16332.read.1.tlog
c:\users\tina\documents\visual studio 2013\projects\qt_barebones\qt_barebones\debug\qt_barebones.tlog\link.16332.write.1.tlog
c:\users\tina\documents\visual studio 2013\projects\qt_barebones\qt_barebones\debug\qt_barebones.tlog\link.command.1.tlog
c:\users\tina\documents\visual studio 2013\projects\qt_barebones\qt_barebones\debug\qt_barebones.tlog\link.read.1.tlog
c:\users\tina\documents\visual studio 2013\projects\qt_barebones\qt_barebones\debug\qt_barebones.tlog\link.write.1.tlog
